1/5/2025 1:24:12 μμ: No migration needed for fences.json
1/5/2025 1:24:13 μμ: Using target file icon for Shortcuts\PotPlayer 64 bit (4).lnk: C:\Program Files\DAUM\PotPlayer\PotPlayerMini64.exe
1/5/2025 1:24:13 μμ: Attaching handler for Shortcuts\PotPlayer 64 bit (4).lnk, initial singleClickToLaunch=True
1/5/2025 1:24:13 μμ: Using folder-White.png for shortcut Shortcuts\GodMode.{ED7BA470-8E54-465E-825C-99712043E01C}.lnk targeting existing folder C:\Users\Nikos\Desktop\GodMode.{ED7BA470-8E54-465E-825C-99712043E01C}
1/5/2025 1:24:13 μμ: Attaching handler for Shortcuts\GodMode.{ED7BA470-8E54-465E-825C-99712043E01C}.lnk, initial singleClickToLaunch=True
1/5/2025 1:24:13 μμ: Corrected isFolder to true for shortcut Shortcuts\GodMode.{ED7BA470-8E54-465E-825C-99712043E01C}.lnk targeting folder C:\Users\Nikos\Desktop\GodMode.{ED7BA470-8E54-465E-825C-99712043E01C}
1/5/2025 1:24:13 μμ: Using target file icon for Shortcuts\LCDSmartie.lnk: F:\SLAVE\!Programs\LCD Smartie\LCD_Smartie\Latest\LCDSmartie_x64\LCDSmartie.exe
1/5/2025 1:24:13 μμ: Using custom icon from IconLocation for Shortcuts\LCDSmartie.lnk: F:\SLAVE\!Programs\LCD Smartie\LCD_Smartie\Latest\LCDSmartie_x64\LCDSmartie.exe
1/5/2025 1:24:13 μμ: Attaching handler for Shortcuts\LCDSmartie.lnk, initial singleClickToLaunch=True
1/5/2025 1:24:13 μμ: Using target file icon for Shortcuts\Βασικες λειτουργιες.docx.lnk: C:\Users\Nikos\Desktop\Βασικες λειτουργιες.docx
1/5/2025 1:24:13 μμ: Attaching handler for Shortcuts\Βασικες λειτουργιες.docx.lnk, initial singleClickToLaunch=True
1/5/2025 1:24:13 μμ: Using missing icon for Shortcuts\HikCentral Lite Διαχειριστής σέρβις.lnk: file-WhiteX.png
1/5/2025 1:24:13 μμ: Attaching handler for Shortcuts\HikCentral Lite Διαχειριστής σέρβις.lnk, initial singleClickToLaunch=True
1/5/2025 1:24:13 μμ: Target missing, updating to file-WhiteX.png for Shortcuts\HikCentral Lite Διαχειριστής σέρβις.lnk
1/5/2025 1:24:13 μμ: Using missing icon for Shortcuts\Desktop Fences.lnk: file-WhiteX.png
1/5/2025 1:24:13 μμ: Attaching handler for Shortcuts\Desktop Fences.lnk, initial singleClickToLaunch=True
1/5/2025 1:24:13 μμ: Target missing, updating to file-WhiteX.png for Shortcuts\Desktop Fences.lnk
1/5/2025 1:24:13 μμ: Target missing, updating to file-WhiteX.png for Shortcuts\HikCentral Lite Διαχειριστής σέρβις.lnk
1/5/2025 1:24:13 μμ: Target missing, updating to file-WhiteX.png for Shortcuts\Desktop Fences.lnk
1/5/2025 1:24:14 μμ: Target missing, updating to file-WhiteX.png for Shortcuts\HikCentral Lite Διαχειριστής σέρβις.lnk
1/5/2025 1:24:14 μμ: Target missing, updating to file-WhiteX.png for Shortcuts\Desktop Fences.lnk
1/5/2025 1:24:15 μμ: Target missing, updating to file-WhiteX.png for Shortcuts\HikCentral Lite Διαχειριστής σέρβις.lnk
1/5/2025 1:24:15 μμ: Target missing, updating to file-WhiteX.png for Shortcuts\Desktop Fences.lnk
1/5/2025 1:24:16 μμ: Target missing, updating to file-WhiteX.png for Shortcuts\HikCentral Lite Διαχειριστής σέρβις.lnk
1/5/2025 1:24:16 μμ: Target missing, updating to file-WhiteX.png for Shortcuts\Desktop Fences.lnk
1/5/2025 1:24:17 μμ: Target missing, updating to file-WhiteX.png for Shortcuts\HikCentral Lite Διαχειριστής σέρβις.lnk
1/5/2025 1:24:17 μμ: Target missing, updating to file-WhiteX.png for Shortcuts\Desktop Fences.lnk
1/5/2025 1:24:18 μμ: Target missing, updating to file-WhiteX.png for Shortcuts\HikCentral Lite Διαχειριστής σέρβις.lnk
1/5/2025 1:24:18 μμ: Target missing, updating to file-WhiteX.png for Shortcuts\Desktop Fences.lnk
1/5/2025 1:24:19 μμ: Target missing, updating to file-WhiteX.png for Shortcuts\HikCentral Lite Διαχειριστής σέρβις.lnk
1/5/2025 1:24:19 μμ: Target missing, updating to file-WhiteX.png for Shortcuts\Desktop Fences.lnk
1/5/2025 1:24:20 μμ: Target missing, updating to file-WhiteX.png for Shortcuts\HikCentral Lite Διαχειριστής σέρβις.lnk
1/5/2025 1:24:20 μμ: Target missing, updating to file-WhiteX.png for Shortcuts\Desktop Fences.lnk
1/5/2025 1:24:21 μμ: Target missing, updating to file-WhiteX.png for Shortcuts\HikCentral Lite Διαχειριστής σέρβις.lnk
1/5/2025 1:24:21 μμ: Target missing, updating to file-WhiteX.png for Shortcuts\Desktop Fences.lnk
1/5/2025 1:24:22 μμ: Target missing, updating to file-WhiteX.png for Shortcuts\HikCentral Lite Διαχειριστής σέρβις.lnk
1/5/2025 1:24:22 μμ: Target missing, updating to file-WhiteX.png for Shortcuts\Desktop Fences.lnk
1/5/2025 1:24:23 μμ: Target missing, updating to file-WhiteX.png for Shortcuts\HikCentral Lite Διαχειριστής σέρβις.lnk
1/5/2025 1:24:23 μμ: Target missing, updating to file-WhiteX.png for Shortcuts\Desktop Fences.lnk
